[+] Containers:
 |- [+] Container: /Game/Maps/LostRecord
 |   |- [+] ActorDescs:
 |   |   |- Guid:00D53C614C4761EC76AE6A8BFF4EC01E BaseClass: NativeClass:/Script/Engine.VolumetricCloud Name:VolumetricCloud_UAID_B42E99EEF93AC8EC01_2080216602 Label:VolumetricCloud SpatiallyLoaded:0 Bounds:IsValid=true, Min=(X=1570.000 Y=1490.000 Z=2000.000), Max=(X=1570.000 Y=1490.000 Z=2000.000) RuntimeGrid:None EditorOnly:0 RuntimeOnly:0 HLODRelevant:0 ListedInSceneOutliner:1 IsMainWorldOnly:0 FolderPath:Lighting FolderGuid:963EC3EB4002CCE9759E2EBA541A873A
 |   |   |- Guid:0207B44B44BE0085E35C12B1E88696E3 BaseClass:/Game/InventorySystem/ItemBlueprints/BPC_Gold.BPC_Gold_C NativeClass:/Script/Engine.Actor Name:BPC_Gold_C_UAID_BCE92FA1537B835902_1288046558 Label:BPC_Gold SpatiallyLoaded:1 Bounds:IsValid=true, Min=(X=-271.016 Y=-611.887 Z=-22.500), Max=(X=328.984 Y=-11.887 Z=577.500) RuntimeGrid:None EditorOnly:0 RuntimeOnly:0 HLODRelevant:0 ListedInSceneOutliner:1 IsMainWorldOnly:0
 |   |   |- Guid:12B7F15A45477CCFFADD479B9B24E4A3 BaseClass: NativeClass:/Script/Engine.PointLight Name:PointLight_UAID_74563C923EDCD15502_2018359062 Label:PointLight SpatiallyLoaded:1 Bounds:IsValid=true, Min=(X=670.000 Y=-260.000 Z=-550.000), Max=(X=2670.000 Y=1740.000 Z=1450.000) RuntimeGrid:None EditorOnly:0 RuntimeOnly:0 HLODRelevant:0 ListedInSceneOutliner:1 IsMainWorldOnly:0
 |   |   |- Guid:179355D04B2F4BD20E096996C7918E36 BaseClass: NativeClass:/Script/Engine.StaticMeshActor Name:StaticMeshActor_UAID_74563C923EDCC85502_1641319458 Label:mersh_cisseaux_02 SpatiallyLoaded:1 Bounds:IsValid=true, Min=(X=1270.000 Y=1550.000 Z=610.000), Max=(X=1270.000 Y=1550.000 Z=610.000) RuntimeGrid:None EditorOnly:0 RuntimeOnly:0 HLODRelevant:0 ListedInSceneOutliner:1 IsMainWorldOnly:0
 |   |   |- Guid:2FB58999456391D349DC0F86DAC136ED BaseClass: NativeClass:/Script/Engine.SkyLight Name:SkyLight_1 Label:SkyLight SpatiallyLoaded:0 Bounds:IsValid=true, Min=(X=1570.000 Y=1490.000 Z=1870.000), Max=(X=1570.000 Y=1490.000 Z=1870.000) RuntimeGrid:None EditorOnly:0 RuntimeOnly:0 HLODRelevant:0 ListedInSceneOutliner:1 IsMainWorldOnly:0 FolderPath:Lighting FolderGuid:963EC3EB4002CCE9759E2EBA541A873A
 |   |   |- Guid:316CF2A6494ACA4C0E4180A87D36AB8F BaseClass: NativeClass:/Script/Engine.ExponentialHeightFog Name:ExponentialHeightFog_0 Label:ExponentialHeightFog SpatiallyLoaded:0 Bounds:IsValid=true, Min=(X=1620.000 Y=1440.000 Z=2300.000), Max=(X=1620.000 Y=1440.000 Z=2300.000) RuntimeGrid:None EditorOnly:0 RuntimeOnly:0 HLODRelevant:0 ListedInSceneOutliner:1 IsMainWorldOnly:0 FolderPath:Lighting FolderGuid:963EC3EB4002CCE9759E2EBA541A873A
 |   |   |- Guid:3A00AA1C422CE54C0BDB60BAF471BFBB BaseClass: NativeClass:/Script/Engine.PlayerStart Name:PlayerStart_0 Label:PlayerStart SpatiallyLoaded:0 Bounds:IsValid=true, Min=(X=67.447 Y=-741.246 Z=277.500), Max=(X=180.154 Y=-628.540 Z=461.500) RuntimeGrid:None EditorOnly:0 RuntimeOnly:0 HLODRelevant:0 ListedInSceneOutliner:1 IsMainWorldOnly:0
 |   |   |- Guid:3ADA4EC74DDF9DBAC5CF738E9DF0853C BaseClass:/Game/BP_WirePuzzle.BP_WirePuzzle_C NativeClass:/Script/Engine.Actor Name:BP_WirePuzzle_C_UAID_309C23A4EE22E65902_1401458960 Label:BP_WirePuzzle SpatiallyLoaded:1 Bounds:IsValid=true, Min=(X=-58.421 Y=-877.818 Z=353.016), Max=(X=45.579 Y=-857.818 Z=454.320) RuntimeGrid:None EditorOnly:0 RuntimeOnly:0 HLODRelevant:0 ListedInSceneOutliner:1 IsMainWorldOnly:0
 |   |   |- Guid:3EF131E04BA704DDDEAA618FD97A931D BaseClass:/Game/Keypas_Door/Door.Door_C NativeClass:/Script/Engine.Actor Name:Door_C_UAID_00D861A4B9874A5702_2126556411 Label:Door SpatiallyLoaded:1 Bounds:IsValid=true, Min=(X=-344.000 Y=-248.000 Z=268.000), Max=(X=-216.000 Y=-152.000 Z=492.000) RuntimeGrid:None EditorOnly:0 RuntimeOnly:0 HLODRelevant:0 ListedInSceneOutliner:1 IsMainWorldOnly:0
 |   |   |- Guid:488294C94AB09E8ADDA0009FE499A608 BaseClass:/Game/Keypas_Door/Porte_coffre_fort.Porte_coffre_fort_C NativeClass:/Script/Engine.Actor Name:Porte_coffre_fort_C_UAID_BCE92FA1537BB15B02_2146915743 Label:Porte_coffre_fort SpatiallyLoaded:1 Bounds:IsValid=true, Min=(X=-246.000 Y=-518.758 Z=62.446), Max=(X=586.000 Y=121.242 Z=830.446) RuntimeGrid:None EditorOnly:0 RuntimeOnly:0 HLODRelevant:0 ListedInSceneOutliner:1 IsMainWorldOnly:0
 |   |   |- Guid:55117BB24BD97456ED0B9980362A6553 BaseClass: NativeClass:/Script/Engine.StaticMeshActor Name:StaticMeshActor_UAID_8469937EFD78E55602_1804762630 Label:Cube SpatiallyLoaded:1 Bounds:IsValid=true, Min=(X=-515.000 Y=-985.000 Z=202.500), Max=(X=435.000 Y=-35.000 Z=277.500) RuntimeGrid:None EditorOnly:0 RuntimeOnly:0 HLODRelevant:1 ListedInSceneOutliner:1 IsMainWorldOnly:0
 |   |   |- Guid:6BAF4DDD444C60371492D3919DB42C97 BaseClass: NativeClass:/Script/Engine.WorldDataLayers Name:WorldDataLayers Label:WorldDataLayers SpatiallyLoaded:0 Bounds:Invalid RuntimeGrid:None EditorOnly:0 RuntimeOnly:0 HLODRelevant:0 ListedInSceneOutliner:1 IsMainWorldOnly:1 FolderPath:World FolderGuid:1F9FBCE448BB4B476FD0D08FCC62AE93
 |   |   |- Guid:6D800ACC44A18290652DABB792FD0684 BaseClass:/Game/InventorySystem/ItemBlueprints/BPC_Key.BPC_Key_C NativeClass:/Script/Engine.Actor Name:BPC_Key_C_UAID_BCE92FA1537B835902_2059428560 Label:BPC_Key SpatiallyLoaded:1 Bounds:IsValid=true, Min=(X=-631.116 Y=31.515 Z=-357.855), Max=(X=968.884 Y=1631.515 Z=1242.145) RuntimeGrid:None EditorOnly:0 RuntimeOnly:0 HLODRelevant:0 ListedInSceneOutliner:1 IsMainWorldOnly:0
 |   |   |- Guid:B785ED2844B84CFB91E7F39FE661CD99 BaseClass: NativeClass:/Script/Engine.DirectionalLight Name:DirectionalLight_0 Label:DirectionalLight SpatiallyLoaded:0 Bounds:Invalid RuntimeGrid:None EditorOnly:0 RuntimeOnly:0 HLODRelevant:0 ListedInSceneOutliner:1 IsMainWorldOnly:0 FolderPath:Lighting FolderGuid:963EC3EB4002CCE9759E2EBA541A873A
 |   |   |- Guid:CCB65D0642CC654B6A826C8C8B53E314 BaseClass: NativeClass:/Script/Engine.StaticMeshActor Name:StaticMeshActor_UAID_74563C923EDCD35502_2003567453 Label:mersh_boite_coffre SpatiallyLoaded:1 Bounds:IsValid=true, Min=(X=106.800 Y=-211.220 Z=405.216), Max=(X=235.293 Y=-145.568 Z=479.801) RuntimeGrid:None EditorOnly:0 RuntimeOnly:0 HLODRelevant:1 ListedInSceneOutliner:1 IsMainWorldOnly:0
 |   |   |- Guid:CCFF262C46EEFFDF319E7F9539CE697E BaseClass: NativeClass:/Script/Engine.SkyAtmosphere Name:SkyAtmosphere_0 Label:SkyAtmosphere SpatiallyLoaded:0 Bounds:IsValid=true, Min=(X=1570.000 Y=1490.000 Z=2200.000), Max=(X=1570.000 Y=1490.000 Z=2200.000) RuntimeGrid:None EditorOnly:0 RuntimeOnly:0 HLODRelevant:0 ListedInSceneOutliner:1 IsMainWorldOnly:0 FolderPath:Lighting FolderGuid:963EC3EB4002CCE9759E2EBA541A873A
 |   |   |- Guid:D63B807046A43C777A549BB6D3DD63E3 BaseClass: NativeClass:/Script/Engine.StaticMeshActor Name:StaticMeshActor_UAID_BCE92FA1537B815902_1967958205 Label:Roof_Hatch SpatiallyLoaded:1 Bounds:IsValid=true, Min=(X=-490.180 Y=-732.168 Z=277.500), Max=(X=-298.353 Y=-542.206 Z=310.431) RuntimeGrid:None EditorOnly:0 RuntimeOnly:0 HLODRelevant:1 ListedInSceneOutliner:1 IsMainWorldOnly:0
 |   |   |- Guid:F5E3FEB3450C49844FD93DA8E083C8AD BaseClass: NativeClass:/Script/Engine.PostProcessVolume Name:PostProcessVolume_0 Label:PostProcessVolume SpatiallyLoaded:0 Bounds:IsValid=true, Min=(X=1490.000 Y=1490.000 Z=1580.000), Max=(X=1690.000 Y=1690.000 Z=1780.000) RuntimeGrid:None EditorOnly:0 RuntimeOnly:0 HLODRelevant:0 ListedInSceneOutliner:1 IsMainWorldOnly:0 FolderPath:Lighting FolderGuid:963EC3EB4002CCE9759E2EBA541A873A
 |   |- [+] Clusters:
 |   |   |- [+] [  0]
 |   |   |   |- Guid:00D53C614C4761EC76AE6A8BFF4EC01E BaseClass: NativeClass:/Script/Engine.VolumetricCloud Name:VolumetricCloud_UAID_B42E99EEF93AC8EC01_2080216602 Label:VolumetricCloud SpatiallyLoaded:0 Bounds:IsValid=true, Min=(X=1570.000 Y=1490.000 Z=2000.000), Max=(X=1570.000 Y=1490.000 Z=2000.000) RuntimeGrid:None EditorOnly:0 RuntimeOnly:0 HLODRelevant:0 ListedInSceneOutliner:1 IsMainWorldOnly:0 FolderPath:Lighting FolderGuid:963EC3EB4002CCE9759E2EBA541A873A
 |   |   |- [+] [  1]
 |   |   |   |- Guid:0207B44B44BE0085E35C12B1E88696E3 BaseClass:/Game/InventorySystem/ItemBlueprints/BPC_Gold.BPC_Gold_C NativeClass:/Script/Engine.Actor Name:BPC_Gold_C_UAID_BCE92FA1537B835902_1288046558 Label:BPC_Gold SpatiallyLoaded:1 Bounds:IsValid=true, Min=(X=-271.016 Y=-611.887 Z=-22.500), Max=(X=328.984 Y=-11.887 Z=577.500) RuntimeGrid:None EditorOnly:0 RuntimeOnly:0 HLODRelevant:0 ListedInSceneOutliner:1 IsMainWorldOnly:0
 |   |   |- [+] [  2]
 |   |   |   |- Guid:12B7F15A45477CCFFADD479B9B24E4A3 BaseClass: NativeClass:/Script/Engine.PointLight Name:PointLight_UAID_74563C923EDCD15502_2018359062 Label:PointLight SpatiallyLoaded:1 Bounds:IsValid=true, Min=(X=670.000 Y=-260.000 Z=-550.000), Max=(X=2670.000 Y=1740.000 Z=1450.000) RuntimeGrid:None EditorOnly:0 RuntimeOnly:0 HLODRelevant:0 ListedInSceneOutliner:1 IsMainWorldOnly:0
 |   |   |- [+] [  3]
 |   |   |   |- Guid:179355D04B2F4BD20E096996C7918E36 BaseClass: NativeClass:/Script/Engine.StaticMeshActor Name:StaticMeshActor_UAID_74563C923EDCC85502_1641319458 Label:mersh_cisseaux_02 SpatiallyLoaded:1 Bounds:IsValid=true, Min=(X=1270.000 Y=1550.000 Z=610.000), Max=(X=1270.000 Y=1550.000 Z=610.000) RuntimeGrid:None EditorOnly:0 RuntimeOnly:0 HLODRelevant:0 ListedInSceneOutliner:1 IsMainWorldOnly:0
 |   |   |- [+] [  4]
 |   |   |   |- Guid:2FB58999456391D349DC0F86DAC136ED BaseClass: NativeClass:/Script/Engine.SkyLight Name:SkyLight_1 Label:SkyLight SpatiallyLoaded:0 Bounds:IsValid=true, Min=(X=1570.000 Y=1490.000 Z=1870.000), Max=(X=1570.000 Y=1490.000 Z=1870.000) RuntimeGrid:None EditorOnly:0 RuntimeOnly:0 HLODRelevant:0 ListedInSceneOutliner:1 IsMainWorldOnly:0 FolderPath:Lighting FolderGuid:963EC3EB4002CCE9759E2EBA541A873A
 |   |   |- [+] [  5]
 |   |   |   |- Guid:316CF2A6494ACA4C0E4180A87D36AB8F BaseClass: NativeClass:/Script/Engine.ExponentialHeightFog Name:ExponentialHeightFog_0 Label:ExponentialHeightFog SpatiallyLoaded:0 Bounds:IsValid=true, Min=(X=1620.000 Y=1440.000 Z=2300.000), Max=(X=1620.000 Y=1440.000 Z=2300.000) RuntimeGrid:None EditorOnly:0 RuntimeOnly:0 HLODRelevant:0 ListedInSceneOutliner:1 IsMainWorldOnly:0 FolderPath:Lighting FolderGuid:963EC3EB4002CCE9759E2EBA541A873A
 |   |   |- [+] [  6]
 |   |   |   |- Guid:3A00AA1C422CE54C0BDB60BAF471BFBB BaseClass: NativeClass:/Script/Engine.PlayerStart Name:PlayerStart_0 Label:PlayerStart SpatiallyLoaded:0 Bounds:IsValid=true, Min=(X=67.447 Y=-741.246 Z=277.500), Max=(X=180.154 Y=-628.540 Z=461.500) RuntimeGrid:None EditorOnly:0 RuntimeOnly:0 HLODRelevant:0 ListedInSceneOutliner:1 IsMainWorldOnly:0
 |   |   |- [+] [  7]
 |   |   |   |- Guid:3ADA4EC74DDF9DBAC5CF738E9DF0853C BaseClass:/Game/BP_WirePuzzle.BP_WirePuzzle_C NativeClass:/Script/Engine.Actor Name:BP_WirePuzzle_C_UAID_309C23A4EE22E65902_1401458960 Label:BP_WirePuzzle SpatiallyLoaded:1 Bounds:IsValid=true, Min=(X=-58.421 Y=-877.818 Z=353.016), Max=(X=45.579 Y=-857.818 Z=454.320) RuntimeGrid:None EditorOnly:0 RuntimeOnly:0 HLODRelevant:0 ListedInSceneOutliner:1 IsMainWorldOnly:0
 |   |   |   |- Guid:3EF131E04BA704DDDEAA618FD97A931D BaseClass:/Game/Keypas_Door/Door.Door_C NativeClass:/Script/Engine.Actor Name:Door_C_UAID_00D861A4B9874A5702_2126556411 Label:Door SpatiallyLoaded:1 Bounds:IsValid=true, Min=(X=-344.000 Y=-248.000 Z=268.000), Max=(X=-216.000 Y=-152.000 Z=492.000) RuntimeGrid:None EditorOnly:0 RuntimeOnly:0 HLODRelevant:0 ListedInSceneOutliner:1 IsMainWorldOnly:0
 |   |   |- [+] [  8]
 |   |   |   |- Guid:488294C94AB09E8ADDA0009FE499A608 BaseClass:/Game/Keypas_Door/Porte_coffre_fort.Porte_coffre_fort_C NativeClass:/Script/Engine.Actor Name:Porte_coffre_fort_C_UAID_BCE92FA1537BB15B02_2146915743 Label:Porte_coffre_fort SpatiallyLoaded:1 Bounds:IsValid=true, Min=(X=-246.000 Y=-518.758 Z=62.446), Max=(X=586.000 Y=121.242 Z=830.446) RuntimeGrid:None EditorOnly:0 RuntimeOnly:0 HLODRelevant:0 ListedInSceneOutliner:1 IsMainWorldOnly:0
 |   |   |- [+] [  9]
 |   |   |   |- Guid:55117BB24BD97456ED0B9980362A6553 BaseClass: NativeClass:/Script/Engine.StaticMeshActor Name:StaticMeshActor_UAID_8469937EFD78E55602_1804762630 Label:Cube SpatiallyLoaded:1 Bounds:IsValid=true, Min=(X=-515.000 Y=-985.000 Z=202.500), Max=(X=435.000 Y=-35.000 Z=277.500) RuntimeGrid:None EditorOnly:0 RuntimeOnly:0 HLODRelevant:1 ListedInSceneOutliner:1 IsMainWorldOnly:0
 |   |   |- [+] [ 10]
 |   |   |   |- Guid:6BAF4DDD444C60371492D3919DB42C97 BaseClass: NativeClass:/Script/Engine.WorldDataLayers Name:WorldDataLayers Label:WorldDataLayers SpatiallyLoaded:0 Bounds:Invalid RuntimeGrid:None EditorOnly:0 RuntimeOnly:0 HLODRelevant:0 ListedInSceneOutliner:1 IsMainWorldOnly:1 FolderPath:World FolderGuid:1F9FBCE448BB4B476FD0D08FCC62AE93
 |   |   |- [+] [ 11]
 |   |   |   |- Guid:6D800ACC44A18290652DABB792FD0684 BaseClass:/Game/InventorySystem/ItemBlueprints/BPC_Key.BPC_Key_C NativeClass:/Script/Engine.Actor Name:BPC_Key_C_UAID_BCE92FA1537B835902_2059428560 Label:BPC_Key SpatiallyLoaded:1 Bounds:IsValid=true, Min=(X=-631.116 Y=31.515 Z=-357.855), Max=(X=968.884 Y=1631.515 Z=1242.145) RuntimeGrid:None EditorOnly:0 RuntimeOnly:0 HLODRelevant:0 ListedInSceneOutliner:1 IsMainWorldOnly:0
 |   |   |- [+] [ 12]
 |   |   |   |- Guid:B785ED2844B84CFB91E7F39FE661CD99 BaseClass: NativeClass:/Script/Engine.DirectionalLight Name:DirectionalLight_0 Label:DirectionalLight SpatiallyLoaded:0 Bounds:Invalid RuntimeGrid:None EditorOnly:0 RuntimeOnly:0 HLODRelevant:0 ListedInSceneOutliner:1 IsMainWorldOnly:0 FolderPath:Lighting FolderGuid:963EC3EB4002CCE9759E2EBA541A873A
 |   |   |- [+] [ 13]
 |   |   |   |- Guid:CCB65D0642CC654B6A826C8C8B53E314 BaseClass: NativeClass:/Script/Engine.StaticMeshActor Name:StaticMeshActor_UAID_74563C923EDCD35502_2003567453 Label:mersh_boite_coffre SpatiallyLoaded:1 Bounds:IsValid=true, Min=(X=106.800 Y=-211.220 Z=405.216), Max=(X=235.293 Y=-145.568 Z=479.801) RuntimeGrid:None EditorOnly:0 RuntimeOnly:0 HLODRelevant:1 ListedInSceneOutliner:1 IsMainWorldOnly:0
 |   |   |- [+] [ 14]
 |   |   |   |- Guid:CCFF262C46EEFFDF319E7F9539CE697E BaseClass: NativeClass:/Script/Engine.SkyAtmosphere Name:SkyAtmosphere_0 Label:SkyAtmosphere SpatiallyLoaded:0 Bounds:IsValid=true, Min=(X=1570.000 Y=1490.000 Z=2200.000), Max=(X=1570.000 Y=1490.000 Z=2200.000) RuntimeGrid:None EditorOnly:0 RuntimeOnly:0 HLODRelevant:0 ListedInSceneOutliner:1 IsMainWorldOnly:0 FolderPath:Lighting FolderGuid:963EC3EB4002CCE9759E2EBA541A873A
 |   |   |- [+] [ 15]
 |   |   |   |- Guid:D63B807046A43C777A549BB6D3DD63E3 BaseClass: NativeClass:/Script/Engine.StaticMeshActor Name:StaticMeshActor_UAID_BCE92FA1537B815902_1967958205 Label:Roof_Hatch SpatiallyLoaded:1 Bounds:IsValid=true, Min=(X=-490.180 Y=-732.168 Z=277.500), Max=(X=-298.353 Y=-542.206 Z=310.431) RuntimeGrid:None EditorOnly:0 RuntimeOnly:0 HLODRelevant:1 ListedInSceneOutliner:1 IsMainWorldOnly:0
 |   |   |- [+] [ 16]
 |   |   |   |- Guid:F5E3FEB3450C49844FD93DA8E083C8AD BaseClass: NativeClass:/Script/Engine.PostProcessVolume Name:PostProcessVolume_0 Label:PostProcessVolume SpatiallyLoaded:0 Bounds:IsValid=true, Min=(X=1490.000 Y=1490.000 Z=1580.000), Max=(X=1690.000 Y=1690.000 Z=1780.000) RuntimeGrid:None EditorOnly:0 RuntimeOnly:0 HLODRelevant:0 ListedInSceneOutliner:1 IsMainWorldOnly:0 FolderPath:Lighting FolderGuid:963EC3EB4002CCE9759E2EBA541A873A
 |- ContainerInstances:
 |- [+] MainContainer:
 |   |-        ID: 00000000000000000000000000000000
 |   |-  ParentID: 00000000000000000000000000000000
 |   |-    Bounds: IsValid=false, Min=(X=0.000 Y=0.000 Z=0.000), Max=(X=0.000 Y=0.000 Z=0.000)
 |   |- Transform: 0.000000,0.000000,0.000000|0.000000,0.000000,-0.000000|1.000000,1.000000,1.000000
 |   |- Container: /Game/Maps/LostRecord
----------------------------------------------------------------------------------------------------------------
LostRecord - Persistent Level
----------------------------------------------------------------------------------------------------------------
[+] Content of LostRecord Persistent Level
 |- Always loaded Actor Count: 17 
 |- Actor Path: /Game/Maps/LostRecord.LostRecord:PersistentLevel.BP_WirePuzzle_C_UAID_309C23A4EE22E65902_1401458960
 |- Actor Package: /Game/__ExternalActors__/Maps/LostRecord/E/US/L7PNA70YWO9ZDS7GFK2J15
 |- Actor Path: /Game/Maps/LostRecord.LostRecord:PersistentLevel.BPC_Gold_C_UAID_BCE92FA1537B835902_1288046558
 |- Actor Package: /Game/__ExternalActors__/Maps/LostRecord/3/IR/TMJWRP14OLJ70HMUIL57RX
 |- Actor Path: /Game/Maps/LostRecord.LostRecord:PersistentLevel.BPC_Key_C_UAID_BCE92FA1537B835902_2059428560
 |- Actor Package: /Game/__ExternalActors__/Maps/LostRecord/6/PH/R5J7N5AUNNV0CTDVIF77V0
 |- Actor Path: /Game/Maps/LostRecord.LostRecord:PersistentLevel.DirectionalLight_0
 |- Actor Package: /Game/__ExternalActors__/Maps/LostRecord/6/8Z/P40IP3AAF75YJQ9VJJEYDQ
 |- Actor Path: /Game/Maps/LostRecord.LostRecord:PersistentLevel.Door_C_UAID_00D861A4B9874A5702_2126556411
 |- Actor Package: /Game/__ExternalActors__/Maps/LostRecord/A/BJ/H600N0A9LM8YCILSB6T3TY
 |- Actor Path: /Game/Maps/LostRecord.LostRecord:PersistentLevel.ExponentialHeightFog_0
 |- Actor Package: /Game/__ExternalActors__/Maps/LostRecord/5/G8/IF08G7G3MSUMYTL1OED0TM
 |- Actor Path: /Game/Maps/LostRecord.LostRecord:PersistentLevel.PlayerStart_0
 |- Actor Package: /Game/__ExternalActors__/Maps/LostRecord/1/VD/BZHXX2Q0XZY8YRX3UDKSWV
 |- Actor Path: /Game/Maps/LostRecord.LostRecord:PersistentLevel.PointLight_UAID_74563C923EDCD15502_2018359062
 |- Actor Package: /Game/__ExternalActors__/Maps/LostRecord/A/OC/CCR3Z5N5XATZ6DW4NDAFND
 |- Actor Path: /Game/Maps/LostRecord.LostRecord:PersistentLevel.PostProcessVolume_0
 |- Actor Package: /Game/__ExternalActors__/Maps/LostRecord/B/V8/BAQ1OHM493E9GFYOGKILLZ
 |- Actor Path: /Game/Maps/LostRecord.LostRecord:PersistentLevel.SkyAtmosphere_0
 |- Actor Package: /Game/__ExternalActors__/Maps/LostRecord/0/GV/04MJHIDYKM4XIUD77SLDNX
 |- Actor Path: /Game/Maps/LostRecord.LostRecord:PersistentLevel.SkyLight_1
 |- Actor Package: /Game/__ExternalActors__/Maps/LostRecord/1/5E/CAYVALWMP44T8XOVRUN6IY
 |- Actor Path: /Game/Maps/LostRecord.LostRecord:PersistentLevel.StaticMeshActor_UAID_74563C923EDCC85502_1641319458
 |- Actor Package: /Game/__ExternalActors__/Maps/LostRecord/C/TH/EMY1TKR44HYSBYH91Z03CR
 |- Actor Path: /Game/Maps/LostRecord.LostRecord:PersistentLevel.StaticMeshActor_UAID_74563C923EDCD35502_2003567453
 |- Actor Package: /Game/__ExternalActors__/Maps/LostRecord/0/CF/VQ40RL86I60ZKB1RA2MI7T
 |- Actor Path: /Game/Maps/LostRecord.LostRecord:PersistentLevel.StaticMeshActor_UAID_8469937EFD78E55602_1804762630
 |- Actor Package: /Game/__ExternalActors__/Maps/LostRecord/7/SM/57H5GM8VY9UX30TDD6VEQD
 |- Actor Path: /Game/Maps/LostRecord.LostRecord:PersistentLevel.StaticMeshActor_UAID_BCE92FA1537B815902_1967958205
 |- Actor Package: /Game/__ExternalActors__/Maps/LostRecord/C/5L/6M6978H2GESSMH86TUE47U
 |- Actor Path: /Game/Maps/LostRecord.LostRecord:PersistentLevel.VolumetricCloud_UAID_B42E99EEF93AC8EC01_2080216602
 |- Actor Package: /Game/__ExternalActors__/Maps/LostRecord/5/8L/JZOQ77NFR286ZONCOILKCJ
 |- Actor Path: /Game/Maps/LostRecord.LostRecord:PersistentLevel.WorldDataLayers
 |- Actor Package: /Game/__ExternalActors__/Maps/LostRecord/2/DB/Q42G2O8UD12A1A0BQYVNCQ

----------------------------------------------------------------------------------------------------------------
LostRecord - Runtime Spatial Hash
----------------------------------------------------------------------------------------------------------------
[+] StreamingGrids
 |- [+] MainGrid
 |   |-             Origin: X=0.000 Y=0.000 Z=0.000
 |   |-          Cell Size: 12800
 |   |-       World Bounds: IsValid=false, Min=(X=0.000 Y=0.000 Z=0.000), Max=(X=0.000 Y=0.000 Z=0.000)
 |   |-      Loading Range: 25600.00
 |   |- Block Slow Loading: No
 |   |-  ClientOnlyVisible: No
 |   |- 
 |   |- [+] Grid Levels: 1
 |   |   |- Level  0: Cell Count    0 | Cell Size   12800 | Actor Count    0 (0.0%)
 |   |- 
 |   |- [+] Content of Grid Level 0
 |   |- 
