[+] Containers:
 |- [+] Container: /Game/Maps/LostRecord
 |   |- [+] ActorDescs:
 |   |   |- Guid:00D53C614C4761EC76AE6A8BFF4EC01E BaseClass: NativeClass:/Script/Engine.VolumetricCloud Name:VolumetricCloud_UAID_B42E99EEF93AC8EC01_2080216602 Label:VolumetricCloud SpatiallyLoaded:0 Bounds:IsValid=true, Min=(X=1570.000 Y=1490.000 Z=2000.000), Max=(X=1570.000 Y=1490.000 Z=2000.000) RuntimeGrid:None EditorOnly:0 RuntimeOnly:0 HLODRelevant:0 ListedInSceneOutliner:1 IsMainWorldOnly:0 FolderPath:Lighting FolderGuid:963EC3EB4002CCE9759E2EBA541A873A
 |   |   |- Guid:03AAACF646B9B96191C560A6A941E246 BaseClass: NativeClass:/Script/Engine.StaticMeshActor Name:StaticMeshActor_UAID_186024A219CE445D02_1483313676 Label:Cube7 SpatiallyLoaded:1 Bounds:IsValid=true, Min=(X=-504.447 Y=-456.986 Z=20.881), Max=(X=-207.365 Y=-414.396 Z=605.770) RuntimeGrid:None EditorOnly:0 RuntimeOnly:0 HLODRelevant:1 ListedInSceneOutliner:1 IsMainWorldOnly:0
 |   |   |- Guid:12B7F15A45477CCFFADD479B9B24E4A3 BaseClass: NativeClass:/Script/Engine.PointLight Name:PointLight_UAID_74563C923EDCD15502_2018359062 Label:PointLight SpatiallyLoaded:1 Bounds:IsValid=true, Min=(X=670.000 Y=-260.000 Z=-550.000), Max=(X=2670.000 Y=1740.000 Z=1450.000) RuntimeGrid:None EditorOnly:0 RuntimeOnly:0 HLODRelevant:0 ListedInSceneOutliner:1 IsMainWorldOnly:0
 |   |   |- Guid:135E81674AE9895251D377A9198F740B BaseClass: NativeClass:/Script/Engine.StaticMeshActor Name:StaticMeshActor_UAID_186024A219CE445D02_1462412675 Label:Cube6 SpatiallyLoaded:1 Bounds:IsValid=true, Min=(X=-107.686 Y=-459.478 Z=20.881), Max=(X=189.396 Y=-416.888 Z=605.770) RuntimeGrid:None EditorOnly:0 RuntimeOnly:0 HLODRelevant:1 ListedInSceneOutliner:1 IsMainWorldOnly:0
 |   |   |- Guid:179355D04B2F4BD20E096996C7918E36 BaseClass: NativeClass:/Script/Engine.StaticMeshActor Name:StaticMeshActor_UAID_74563C923EDCC85502_1641319458 Label:mersh_cisseaux_02 SpatiallyLoaded:1 Bounds:IsValid=true, Min=(X=1270.000 Y=1550.000 Z=610.000), Max=(X=1270.000 Y=1550.000 Z=610.000) RuntimeGrid:None EditorOnly:0 RuntimeOnly:0 HLODRelevant:0 ListedInSceneOutliner:1 IsMainWorldOnly:0
 |   |   |- Guid:247A900C43917E0CEA28C6B877C8F961 BaseClass: NativeClass:/Script/Engine.StaticMeshActor Name:StaticMeshActor_UAID_186024A219CE445D02_1749393688 Label:Cube14 SpatiallyLoaded:1 Bounds:IsValid=true, Min=(X=-892.638 Y=379.618 Z=110.890), Max=(X=-792.638 Y=729.250 Z=210.890) RuntimeGrid:None EditorOnly:0 RuntimeOnly:0 HLODRelevant:1 ListedInSceneOutliner:1 IsMainWorldOnly:0
 |   |   |- Guid:2FB58999456391D349DC0F86DAC136ED BaseClass: NativeClass:/Script/Engine.SkyLight Name:SkyLight_1 Label:SkyLight SpatiallyLoaded:0 Bounds:IsValid=true, Min=(X=1570.000 Y=1490.000 Z=1870.000), Max=(X=1570.000 Y=1490.000 Z=1870.000) RuntimeGrid:None EditorOnly:0 RuntimeOnly:0 HLODRelevant:0 ListedInSceneOutliner:1 IsMainWorldOnly:0 FolderPath:Lighting FolderGuid:963EC3EB4002CCE9759E2EBA541A873A
 |   |   |- Guid:30ED022042FFD3741E61FD970CDA4033 BaseClass: NativeClass:/Script/Engine.StaticMeshActor Name:StaticMeshActor_UAID_186024A219CE445D02_1361139672 Label:Cube3 SpatiallyLoaded:1 Bounds:IsValid=true, Min=(X=-537.163 Y=-458.460 Z=222.249), Max=(X=-494.573 Y=168.206 Z=605.100) RuntimeGrid:None EditorOnly:0 RuntimeOnly:0 HLODRelevant:1 ListedInSceneOutliner:1 IsMainWorldOnly:0
 |   |   |- Guid:316CF2A6494ACA4C0E4180A87D36AB8F BaseClass: NativeClass:/Script/Engine.ExponentialHeightFog Name:ExponentialHeightFog_0 Label:ExponentialHeightFog SpatiallyLoaded:0 Bounds:IsValid=true, Min=(X=1620.000 Y=1440.000 Z=2300.000), Max=(X=1620.000 Y=1440.000 Z=2300.000) RuntimeGrid:None EditorOnly:0 RuntimeOnly:0 HLODRelevant:0 ListedInSceneOutliner:1 IsMainWorldOnly:0 FolderPath:Lighting FolderGuid:963EC3EB4002CCE9759E2EBA541A873A
 |   |   |- Guid:3A00AA1C422CE54C0BDB60BAF471BFBB BaseClass: NativeClass:/Script/Engine.PlayerStart Name:PlayerStart_0 Label:PlayerStart SpatiallyLoaded:0 Bounds:IsValid=true, Min=(X=67.447 Y=-741.246 Z=277.500), Max=(X=180.154 Y=-628.540 Z=461.500) RuntimeGrid:None EditorOnly:0 RuntimeOnly:0 HLODRelevant:0 ListedInSceneOutliner:1 IsMainWorldOnly:0
 |   |   |- Guid:3ADA4EC74DDF9DBAC5CF738E9DF0853C BaseClass:/Game/BP_WirePuzzle.BP_WirePuzzle_C NativeClass:/Script/Engine.Actor Name:BP_WirePuzzle_C_UAID_309C23A4EE22E65902_1401458960 Label:BP_WirePuzzle SpatiallyLoaded:1 Bounds:IsValid=true, Min=(X=203.140 Y=-72.188 Z=346.578), Max=(X=224.153 Y=48.812 Z=461.334) RuntimeGrid:None EditorOnly:0 RuntimeOnly:0 HLODRelevant:0 ListedInSceneOutliner:1 IsMainWorldOnly:0
 |   |   |- Guid:3EF131E04BA704DDDEAA618FD97A931D BaseClass:/Game/Keypas_Door/Door.Door_C NativeClass:/Script/Engine.Actor Name:Door_C_UAID_00D861A4B9874A5702_2126556411 Label:Door SpatiallyLoaded:1 Bounds:IsValid=true, Min=(X=-221.655 Y=-498.819 Z=268.000), Max=(X=-93.655 Y=-402.819 Z=492.000) RuntimeGrid:None EditorOnly:0 RuntimeOnly:0 HLODRelevant:0 ListedInSceneOutliner:1 IsMainWorldOnly:0
 |   |   |- Guid:413B838346969C64E39E838376FABE8D BaseClass: NativeClass:/Script/Engine.StaticMeshActor Name:StaticMeshActor_UAID_186024A219CE445D02_1652338683 Label:Cylinder SpatiallyLoaded:1 Bounds:IsValid=true, Min=(X=-871.317 Y=518.619 Z=346.633), Max=(X=533.564 Y=554.149 Z=382.163) RuntimeGrid:None EditorOnly:0 RuntimeOnly:0 HLODRelevant:1 ListedInSceneOutliner:1 IsMainWorldOnly:0
 |   |   |- Guid:49939E6845A68BDC770C33960BF53888 BaseClass: NativeClass:/Script/Engine.StaticMeshActor Name:StaticMeshActor_UAID_186024A219CE445D02_1532718677 Label:Cube8 SpatiallyLoaded:1 Bounds:IsValid=true, Min=(X=-301.705 Y=-456.986 Z=473.085), Max=(X=-4.623 Y=-414.396 Z=606.578) RuntimeGrid:None EditorOnly:0 RuntimeOnly:0 HLODRelevant:1 ListedInSceneOutliner:1 IsMainWorldOnly:0
 |   |   |- Guid:4B3D4A9144FC3A8423E6169CB06E9421 BaseClass: NativeClass:/Script/Engine.StaticMeshActor Name:StaticMeshActor_UAID_186024A219CE445D02_1555180678 Label:Cube2 SpatiallyLoaded:1 Bounds:IsValid=true, Min=(X=-524.178 Y=-468.525 Z=587.159), Max=(X=191.077 Y=170.982 Z=604.863) RuntimeGrid:None EditorOnly:0 RuntimeOnly:0 HLODRelevant:1 ListedInSceneOutliner:1 IsMainWorldOnly:0
 |   |   |- Guid:55117BB24BD97456ED0B9980362A6553 BaseClass: NativeClass:/Script/Engine.StaticMeshActor Name:StaticMeshActor_UAID_8469937EFD78E55602_1804762630 Label:Cube SpatiallyLoaded:1 Bounds:IsValid=true, Min=(X=-886.996 Y=-884.070 Z=202.500), Max=(X=553.895 Y=556.821 Z=277.500) RuntimeGrid:None EditorOnly:0 RuntimeOnly:0 HLODRelevant:1 ListedInSceneOutliner:1 IsMainWorldOnly:0
 |   |   |- Guid:66F2EBEF41984E34CA1BF4B167726E92 BaseClass: NativeClass:/Script/Engine.StaticMeshActor Name:StaticMeshActor_UAID_186024A219CE445D02_1729477687 Label:Cube13 SpatiallyLoaded:1 Bounds:IsValid=true, Min=(X=328.203 Y=-755.213 Z=-270.893), Max=(X=428.203 Y=-655.213 Z=288.108) RuntimeGrid:None EditorOnly:0 RuntimeOnly:0 HLODRelevant:1 ListedInSceneOutliner:1 IsMainWorldOnly:0
 |   |   |- Guid:6912573944F97A5CE619DDBE6ED727E3 BaseClass: NativeClass:/Script/Engine.StaticMeshActor Name:StaticMeshActor_UAID_186024A219CE445D02_1382390673 Label:Cube4 SpatiallyLoaded:1 Bounds:IsValid=true, Min=(X=163.758 Y=-458.460 Z=222.249), Max=(X=206.349 Y=168.206 Z=605.100) RuntimeGrid:None EditorOnly:0 RuntimeOnly:0 HLODRelevant:1 ListedInSceneOutliner:1 IsMainWorldOnly:0
 |   |   |- Guid:6BAF4DDD444C60371492D3919DB42C97 BaseClass: NativeClass:/Script/Engine.WorldDataLayers Name:WorldDataLayers Label:WorldDataLayers SpatiallyLoaded:0 Bounds:Invalid RuntimeGrid:None EditorOnly:0 RuntimeOnly:0 HLODRelevant:0 ListedInSceneOutliner:1 IsMainWorldOnly:1 FolderPath:World FolderGuid:1F9FBCE448BB4B476FD0D08FCC62AE93
 |   |   |- Guid:7DB7489849C073FE52AC3BAE0703AFA0 BaseClass:/Game/coffre_For/Coffre_porte.Coffre_porte_C NativeClass:/Script/Engine.Actor Name:Coffre_porte_C_UAID_BCE92FA1537BB45B02_1176410271 Label:Coffre_porte SpatiallyLoaded:1 Bounds:IsValid=true, Min=(X=70.040 Y=-83.308 Z=357.211), Max=(X=134.040 Y=43.883 Z=469.211) RuntimeGrid:None EditorOnly:0 RuntimeOnly:0 HLODRelevant:0 ListedInSceneOutliner:1 IsMainWorldOnly:0
 |   |   |- Guid:87B9ACB04C701170AB9563B19853C5F2 BaseClass: NativeClass:/Script/Engine.StaticMeshActor Name:StaticMeshActor_UAID_186024A219CE445D02_1409239674 Label:Cube5 SpatiallyLoaded:1 Bounds:IsValid=true, Min=(X=-499.475 Y=128.239 Z=231.532), Max=(X=172.551 Y=170.829 Z=395.119) RuntimeGrid:None EditorOnly:0 RuntimeOnly:0 HLODRelevant:1 ListedInSceneOutliner:1 IsMainWorldOnly:0
 |   |   |- Guid:91AAD58549B67A6118798B867DA3B3C6 BaseClass: NativeClass:/Script/Engine.StaticMeshActor Name:StaticMeshActor_UAID_186024A219CE445D02_1680570684 Label:Cylinder2 SpatiallyLoaded:1 Bounds:IsValid=true, Min=(X=-871.317 Y=-881.657 Z=346.633), Max=(X=533.564 Y=-846.127 Z=382.163) RuntimeGrid:None EditorOnly:0 RuntimeOnly:0 HLODRelevant:1 ListedInSceneOutliner:1 IsMainWorldOnly:0
 |   |   |- Guid:98545D25478A50E6A67875AF8E2713EC BaseClass: NativeClass:/Script/Engine.StaticMeshActor Name:StaticMeshActor_UAID_186024A219CE445D02_1708885686 Label:Cylinder4 SpatiallyLoaded:1 Bounds:IsValid=true, Min=(X=513.323 Y=-849.603 Z=343.095), Max=(X=548.854 Y=555.279 Z=378.625) RuntimeGrid:None EditorOnly:0 RuntimeOnly:0 HLODRelevant:1 ListedInSceneOutliner:1 IsMainWorldOnly:0
 |   |   |- Guid:B785ED2844B84CFB91E7F39FE661CD99 BaseClass: NativeClass:/Script/Engine.DirectionalLight Name:DirectionalLight_0 Label:DirectionalLight SpatiallyLoaded:0 Bounds:Invalid RuntimeGrid:None EditorOnly:0 RuntimeOnly:0 HLODRelevant:0 ListedInSceneOutliner:1 IsMainWorldOnly:0 FolderPath:Lighting FolderGuid:963EC3EB4002CCE9759E2EBA541A873A
 |   |   |- Guid:CCB65D0642CC654B6A826C8C8B53E314 BaseClass: NativeClass:/Script/Engine.StaticMeshActor Name:StaticMeshActor_UAID_74563C923EDCD35502_2003567453 Label:mersh_boite_coffre SpatiallyLoaded:1 Bounds:IsValid=true, Min=(X=96.470 Y=-93.696 Z=371.402), Max=(X=162.122 Y=34.797 Z=445.987) RuntimeGrid:None EditorOnly:0 RuntimeOnly:0 HLODRelevant:1 ListedInSceneOutliner:1 IsMainWorldOnly:0
 |   |   |- Guid:CCFF262C46EEFFDF319E7F9539CE697E BaseClass: NativeClass:/Script/Engine.SkyAtmosphere Name:SkyAtmosphere_0 Label:SkyAtmosphere SpatiallyLoaded:0 Bounds:IsValid=true, Min=(X=1570.000 Y=1490.000 Z=2200.000), Max=(X=1570.000 Y=1490.000 Z=2200.000) RuntimeGrid:None EditorOnly:0 RuntimeOnly:0 HLODRelevant:0 ListedInSceneOutliner:1 IsMainWorldOnly:0 FolderPath:Lighting FolderGuid:963EC3EB4002CCE9759E2EBA541A873A
 |   |   |- Guid:E1A34E14481133D1E9930EB580D11FD2 BaseClass: NativeClass:/Script/Engine.StaticMeshActor Name:StaticMeshActor_UAID_186024A219CE445D02_1634148681 Label:Cube11 SpatiallyLoaded:1 Bounds:IsValid=true, Min=(X=-884.038 Y=502.787 Z=277.500), Max=(X=-831.303 Y=555.523 Z=422.620) RuntimeGrid:None EditorOnly:0 RuntimeOnly:0 HLODRelevant:1 ListedInSceneOutliner:1 IsMainWorldOnly:0
 |   |   |- Guid:E2C9CD35480902B6F4E650B8430ABE60 BaseClass: NativeClass:/Script/Engine.StaticMeshActor Name:StaticMeshActor_UAID_186024A219CE445D02_1604621679 Label:Cube9 SpatiallyLoaded:1 Bounds:IsValid=true, Min=(X=500.031 Y=-882.626 Z=277.500), Max=(X=552.766 Y=-829.891 Z=422.620) RuntimeGrid:None EditorOnly:0 RuntimeOnly:0 HLODRelevant:1 ListedInSceneOutliner:1 IsMainWorldOnly:0
 |   |   |- Guid:E5621994497E6641CF5B7880C8B68ED4 BaseClass: NativeClass:/Script/Engine.StaticMeshActor Name:StaticMeshActor_UAID_186024A219CE445D02_1629460680 Label:Cube10 SpatiallyLoaded:1 Bounds:IsValid=true, Min=(X=-884.038 Y=-882.626 Z=277.500), Max=(X=-831.303 Y=-829.891 Z=422.620) RuntimeGrid:None EditorOnly:0 RuntimeOnly:0 HLODRelevant:1 ListedInSceneOutliner:1 IsMainWorldOnly:0
 |   |   |- Guid:E5E2EC2048917C2F5F7491BBBB96A232 BaseClass: NativeClass:/Script/Engine.StaticMeshActor Name:StaticMeshActor_UAID_186024A219CE445D02_1640397682 Label:Cube12 SpatiallyLoaded:1 Bounds:IsValid=true, Min=(X=493.826 Y=503.232 Z=277.500), Max=(X=546.561 Y=555.968 Z=422.620) RuntimeGrid:None EditorOnly:0 RuntimeOnly:0 HLODRelevant:1 ListedInSceneOutliner:1 IsMainWorldOnly:0
 |   |   |- Guid:EC42B2414E325BE6C9DBF08CD3C542D1 BaseClass: NativeClass:/Script/Engine.StaticMeshActor Name:StaticMeshActor_UAID_186024A219CE445D02_1688376685 Label:Cylinder3 SpatiallyLoaded:1 Bounds:IsValid=true, Min=(X=-877.496 Y=-849.603 Z=343.095), Max=(X=-841.965 Y=555.279 Z=378.625) RuntimeGrid:None EditorOnly:0 RuntimeOnly:0 HLODRelevant:1 ListedInSceneOutliner:1 IsMainWorldOnly:0
 |   |   |- Guid:EF8B8F2448D2ABD55332CB9BCB220205 BaseClass:/Game/BP_Hatch.BP_Hatch_C NativeClass:/Script/Engine.Actor Name:BP_Hatch_C_UAID_309C23A4EE22145C02_1598071167 Label:BP_Hatch SpatiallyLoaded:1 Bounds:IsValid=true, Min=(X=291.621 Y=-791.391 Z=169.626), Max=(X=506.056 Y=-579.902 Z=310.431) RuntimeGrid:None EditorOnly:0 RuntimeOnly:0 HLODRelevant:0 ListedInSceneOutliner:1 IsMainWorldOnly:0
 |   |   |- Guid:F5E3FEB3450C49844FD93DA8E083C8AD BaseClass: NativeClass:/Script/Engine.PostProcessVolume Name:PostProcessVolume_0 Label:PostProcessVolume SpatiallyLoaded:0 Bounds:IsValid=true, Min=(X=1490.000 Y=1490.000 Z=1580.000), Max=(X=1690.000 Y=1690.000 Z=1780.000) RuntimeGrid:None EditorOnly:0 RuntimeOnly:0 HLODRelevant:0 ListedInSceneOutliner:1 IsMainWorldOnly:0 FolderPath:Lighting FolderGuid:963EC3EB4002CCE9759E2EBA541A873A
 |   |- [+] Clusters:
 |   |   |- [+] [  0]
 |   |   |   |- Guid:00D53C614C4761EC76AE6A8BFF4EC01E BaseClass: NativeClass:/Script/Engine.VolumetricCloud Name:VolumetricCloud_UAID_B42E99EEF93AC8EC01_2080216602 Label:VolumetricCloud SpatiallyLoaded:0 Bounds:IsValid=true, Min=(X=1570.000 Y=1490.000 Z=2000.000), Max=(X=1570.000 Y=1490.000 Z=2000.000) RuntimeGrid:None EditorOnly:0 RuntimeOnly:0 HLODRelevant:0 ListedInSceneOutliner:1 IsMainWorldOnly:0 FolderPath:Lighting FolderGuid:963EC3EB4002CCE9759E2EBA541A873A
 |   |   |- [+] [  1]
 |   |   |   |- Guid:03AAACF646B9B96191C560A6A941E246 BaseClass: NativeClass:/Script/Engine.StaticMeshActor Name:StaticMeshActor_UAID_186024A219CE445D02_1483313676 Label:Cube7 SpatiallyLoaded:1 Bounds:IsValid=true, Min=(X=-504.447 Y=-456.986 Z=20.881), Max=(X=-207.365 Y=-414.396 Z=605.770) RuntimeGrid:None EditorOnly:0 RuntimeOnly:0 HLODRelevant:1 ListedInSceneOutliner:1 IsMainWorldOnly:0
 |   |   |- [+] [  2]
 |   |   |   |- Guid:12B7F15A45477CCFFADD479B9B24E4A3 BaseClass: NativeClass:/Script/Engine.PointLight Name:PointLight_UAID_74563C923EDCD15502_2018359062 Label:PointLight SpatiallyLoaded:1 Bounds:IsValid=true, Min=(X=670.000 Y=-260.000 Z=-550.000), Max=(X=2670.000 Y=1740.000 Z=1450.000) RuntimeGrid:None EditorOnly:0 RuntimeOnly:0 HLODRelevant:0 ListedInSceneOutliner:1 IsMainWorldOnly:0
 |   |   |- [+] [  3]
 |   |   |   |- Guid:135E81674AE9895251D377A9198F740B BaseClass: NativeClass:/Script/Engine.StaticMeshActor Name:StaticMeshActor_UAID_186024A219CE445D02_1462412675 Label:Cube6 SpatiallyLoaded:1 Bounds:IsValid=true, Min=(X=-107.686 Y=-459.478 Z=20.881), Max=(X=189.396 Y=-416.888 Z=605.770) RuntimeGrid:None EditorOnly:0 RuntimeOnly:0 HLODRelevant:1 ListedInSceneOutliner:1 IsMainWorldOnly:0
 |   |   |- [+] [  4]
 |   |   |   |- Guid:179355D04B2F4BD20E096996C7918E36 BaseClass: NativeClass:/Script/Engine.StaticMeshActor Name:StaticMeshActor_UAID_74563C923EDCC85502_1641319458 Label:mersh_cisseaux_02 SpatiallyLoaded:1 Bounds:IsValid=true, Min=(X=1270.000 Y=1550.000 Z=610.000), Max=(X=1270.000 Y=1550.000 Z=610.000) RuntimeGrid:None EditorOnly:0 RuntimeOnly:0 HLODRelevant:0 ListedInSceneOutliner:1 IsMainWorldOnly:0
 |   |   |- [+] [  5]
 |   |   |   |- Guid:247A900C43917E0CEA28C6B877C8F961 BaseClass: NativeClass:/Script/Engine.StaticMeshActor Name:StaticMeshActor_UAID_186024A219CE445D02_1749393688 Label:Cube14 SpatiallyLoaded:1 Bounds:IsValid=true, Min=(X=-892.638 Y=379.618 Z=110.890), Max=(X=-792.638 Y=729.250 Z=210.890) RuntimeGrid:None EditorOnly:0 RuntimeOnly:0 HLODRelevant:1 ListedInSceneOutliner:1 IsMainWorldOnly:0
 |   |   |- [+] [  6]
 |   |   |   |- Guid:2FB58999456391D349DC0F86DAC136ED BaseClass: NativeClass:/Script/Engine.SkyLight Name:SkyLight_1 Label:SkyLight SpatiallyLoaded:0 Bounds:IsValid=true, Min=(X=1570.000 Y=1490.000 Z=1870.000), Max=(X=1570.000 Y=1490.000 Z=1870.000) RuntimeGrid:None EditorOnly:0 RuntimeOnly:0 HLODRelevant:0 ListedInSceneOutliner:1 IsMainWorldOnly:0 FolderPath:Lighting FolderGuid:963EC3EB4002CCE9759E2EBA541A873A
 |   |   |- [+] [  7]
 |   |   |   |- Guid:30ED022042FFD3741E61FD970CDA4033 BaseClass: NativeClass:/Script/Engine.StaticMeshActor Name:StaticMeshActor_UAID_186024A219CE445D02_1361139672 Label:Cube3 SpatiallyLoaded:1 Bounds:IsValid=true, Min=(X=-537.163 Y=-458.460 Z=222.249), Max=(X=-494.573 Y=168.206 Z=605.100) RuntimeGrid:None EditorOnly:0 RuntimeOnly:0 HLODRelevant:1 ListedInSceneOutliner:1 IsMainWorldOnly:0
 |   |   |- [+] [  8]
 |   |   |   |- Guid:316CF2A6494ACA4C0E4180A87D36AB8F BaseClass: NativeClass:/Script/Engine.ExponentialHeightFog Name:ExponentialHeightFog_0 Label:ExponentialHeightFog SpatiallyLoaded:0 Bounds:IsValid=true, Min=(X=1620.000 Y=1440.000 Z=2300.000), Max=(X=1620.000 Y=1440.000 Z=2300.000) RuntimeGrid:None EditorOnly:0 RuntimeOnly:0 HLODRelevant:0 ListedInSceneOutliner:1 IsMainWorldOnly:0 FolderPath:Lighting FolderGuid:963EC3EB4002CCE9759E2EBA541A873A
 |   |   |- [+] [  9]
 |   |   |   |- Guid:3A00AA1C422CE54C0BDB60BAF471BFBB BaseClass: NativeClass:/Script/Engine.PlayerStart Name:PlayerStart_0 Label:PlayerStart SpatiallyLoaded:0 Bounds:IsValid=true, Min=(X=67.447 Y=-741.246 Z=277.500), Max=(X=180.154 Y=-628.540 Z=461.500) RuntimeGrid:None EditorOnly:0 RuntimeOnly:0 HLODRelevant:0 ListedInSceneOutliner:1 IsMainWorldOnly:0
 |   |   |- [+] [ 10]
 |   |   |   |- Guid:3ADA4EC74DDF9DBAC5CF738E9DF0853C BaseClass:/Game/BP_WirePuzzle.BP_WirePuzzle_C NativeClass:/Script/Engine.Actor Name:BP_WirePuzzle_C_UAID_309C23A4EE22E65902_1401458960 Label:BP_WirePuzzle SpatiallyLoaded:1 Bounds:IsValid=true, Min=(X=203.140 Y=-72.188 Z=346.578), Max=(X=224.153 Y=48.812 Z=461.334) RuntimeGrid:None EditorOnly:0 RuntimeOnly:0 HLODRelevant:0 ListedInSceneOutliner:1 IsMainWorldOnly:0
 |   |   |   |- Guid:3EF131E04BA704DDDEAA618FD97A931D BaseClass:/Game/Keypas_Door/Door.Door_C NativeClass:/Script/Engine.Actor Name:Door_C_UAID_00D861A4B9874A5702_2126556411 Label:Door SpatiallyLoaded:1 Bounds:IsValid=true, Min=(X=-221.655 Y=-498.819 Z=268.000), Max=(X=-93.655 Y=-402.819 Z=492.000) RuntimeGrid:None EditorOnly:0 RuntimeOnly:0 HLODRelevant:0 ListedInSceneOutliner:1 IsMainWorldOnly:0
 |   |   |- [+] [ 11]
 |   |   |   |- Guid:413B838346969C64E39E838376FABE8D BaseClass: NativeClass:/Script/Engine.StaticMeshActor Name:StaticMeshActor_UAID_186024A219CE445D02_1652338683 Label:Cylinder SpatiallyLoaded:1 Bounds:IsValid=true, Min=(X=-871.317 Y=518.619 Z=346.633), Max=(X=533.564 Y=554.149 Z=382.163) RuntimeGrid:None EditorOnly:0 RuntimeOnly:0 HLODRelevant:1 ListedInSceneOutliner:1 IsMainWorldOnly:0
 |   |   |- [+] [ 12]
 |   |   |   |- Guid:49939E6845A68BDC770C33960BF53888 BaseClass: NativeClass:/Script/Engine.StaticMeshActor Name:StaticMeshActor_UAID_186024A219CE445D02_1532718677 Label:Cube8 SpatiallyLoaded:1 Bounds:IsValid=true, Min=(X=-301.705 Y=-456.986 Z=473.085), Max=(X=-4.623 Y=-414.396 Z=606.578) RuntimeGrid:None EditorOnly:0 RuntimeOnly:0 HLODRelevant:1 ListedInSceneOutliner:1 IsMainWorldOnly:0
 |   |   |- [+] [ 13]
 |   |   |   |- Guid:4B3D4A9144FC3A8423E6169CB06E9421 BaseClass: NativeClass:/Script/Engine.StaticMeshActor Name:StaticMeshActor_UAID_186024A219CE445D02_1555180678 Label:Cube2 SpatiallyLoaded:1 Bounds:IsValid=true, Min=(X=-524.178 Y=-468.525 Z=587.159), Max=(X=191.077 Y=170.982 Z=604.863) RuntimeGrid:None EditorOnly:0 RuntimeOnly:0 HLODRelevant:1 ListedInSceneOutliner:1 IsMainWorldOnly:0
 |   |   |- [+] [ 14]
 |   |   |   |- Guid:55117BB24BD97456ED0B9980362A6553 BaseClass: NativeClass:/Script/Engine.StaticMeshActor Name:StaticMeshActor_UAID_8469937EFD78E55602_1804762630 Label:Cube SpatiallyLoaded:1 Bounds:IsValid=true, Min=(X=-886.996 Y=-884.070 Z=202.500), Max=(X=553.895 Y=556.821 Z=277.500) RuntimeGrid:None EditorOnly:0 RuntimeOnly:0 HLODRelevant:1 ListedInSceneOutliner:1 IsMainWorldOnly:0
 |   |   |- [+] [ 15]
 |   |   |   |- Guid:66F2EBEF41984E34CA1BF4B167726E92 BaseClass: NativeClass:/Script/Engine.StaticMeshActor Name:StaticMeshActor_UAID_186024A219CE445D02_1729477687 Label:Cube13 SpatiallyLoaded:1 Bounds:IsValid=true, Min=(X=328.203 Y=-755.213 Z=-270.893), Max=(X=428.203 Y=-655.213 Z=288.108) RuntimeGrid:None EditorOnly:0 RuntimeOnly:0 HLODRelevant:1 ListedInSceneOutliner:1 IsMainWorldOnly:0
 |   |   |- [+] [ 16]
 |   |   |   |- Guid:6912573944F97A5CE619DDBE6ED727E3 BaseClass: NativeClass:/Script/Engine.StaticMeshActor Name:StaticMeshActor_UAID_186024A219CE445D02_1382390673 Label:Cube4 SpatiallyLoaded:1 Bounds:IsValid=true, Min=(X=163.758 Y=-458.460 Z=222.249), Max=(X=206.349 Y=168.206 Z=605.100) RuntimeGrid:None EditorOnly:0 RuntimeOnly:0 HLODRelevant:1 ListedInSceneOutliner:1 IsMainWorldOnly:0
 |   |   |- [+] [ 17]
 |   |   |   |- Guid:6BAF4DDD444C60371492D3919DB42C97 BaseClass: NativeClass:/Script/Engine.WorldDataLayers Name:WorldDataLayers Label:WorldDataLayers SpatiallyLoaded:0 Bounds:Invalid RuntimeGrid:None EditorOnly:0 RuntimeOnly:0 HLODRelevant:0 ListedInSceneOutliner:1 IsMainWorldOnly:1 FolderPath:World FolderGuid:1F9FBCE448BB4B476FD0D08FCC62AE93
 |   |   |- [+] [ 18]
 |   |   |   |- Guid:7DB7489849C073FE52AC3BAE0703AFA0 BaseClass:/Game/coffre_For/Coffre_porte.Coffre_porte_C NativeClass:/Script/Engine.Actor Name:Coffre_porte_C_UAID_BCE92FA1537BB45B02_1176410271 Label:Coffre_porte SpatiallyLoaded:1 Bounds:IsValid=true, Min=(X=70.040 Y=-83.308 Z=357.211), Max=(X=134.040 Y=43.883 Z=469.211) RuntimeGrid:None EditorOnly:0 RuntimeOnly:0 HLODRelevant:0 ListedInSceneOutliner:1 IsMainWorldOnly:0
 |   |   |- [+] [ 19]
 |   |   |   |- Guid:87B9ACB04C701170AB9563B19853C5F2 BaseClass: NativeClass:/Script/Engine.StaticMeshActor Name:StaticMeshActor_UAID_186024A219CE445D02_1409239674 Label:Cube5 SpatiallyLoaded:1 Bounds:IsValid=true, Min=(X=-499.475 Y=128.239 Z=231.532), Max=(X=172.551 Y=170.829 Z=395.119) RuntimeGrid:None EditorOnly:0 RuntimeOnly:0 HLODRelevant:1 ListedInSceneOutliner:1 IsMainWorldOnly:0
 |   |   |- [+] [ 20]
 |   |   |   |- Guid:91AAD58549B67A6118798B867DA3B3C6 BaseClass: NativeClass:/Script/Engine.StaticMeshActor Name:StaticMeshActor_UAID_186024A219CE445D02_1680570684 Label:Cylinder2 SpatiallyLoaded:1 Bounds:IsValid=true, Min=(X=-871.317 Y=-881.657 Z=346.633), Max=(X=533.564 Y=-846.127 Z=382.163) RuntimeGrid:None EditorOnly:0 RuntimeOnly:0 HLODRelevant:1 ListedInSceneOutliner:1 IsMainWorldOnly:0
 |   |   |- [+] [ 21]
 |   |   |   |- Guid:98545D25478A50E6A67875AF8E2713EC BaseClass: NativeClass:/Script/Engine.StaticMeshActor Name:StaticMeshActor_UAID_186024A219CE445D02_1708885686 Label:Cylinder4 SpatiallyLoaded:1 Bounds:IsValid=true, Min=(X=513.323 Y=-849.603 Z=343.095), Max=(X=548.854 Y=555.279 Z=378.625) RuntimeGrid:None EditorOnly:0 RuntimeOnly:0 HLODRelevant:1 ListedInSceneOutliner:1 IsMainWorldOnly:0
 |   |   |- [+] [ 22]
 |   |   |   |- Guid:B785ED2844B84CFB91E7F39FE661CD99 BaseClass: NativeClass:/Script/Engine.DirectionalLight Name:DirectionalLight_0 Label:DirectionalLight SpatiallyLoaded:0 Bounds:Invalid RuntimeGrid:None EditorOnly:0 RuntimeOnly:0 HLODRelevant:0 ListedInSceneOutliner:1 IsMainWorldOnly:0 FolderPath:Lighting FolderGuid:963EC3EB4002CCE9759E2EBA541A873A
 |   |   |- [+] [ 23]
 |   |   |   |- Guid:CCB65D0642CC654B6A826C8C8B53E314 BaseClass: NativeClass:/Script/Engine.StaticMeshActor Name:StaticMeshActor_UAID_74563C923EDCD35502_2003567453 Label:mersh_boite_coffre SpatiallyLoaded:1 Bounds:IsValid=true, Min=(X=96.470 Y=-93.696 Z=371.402), Max=(X=162.122 Y=34.797 Z=445.987) RuntimeGrid:None EditorOnly:0 RuntimeOnly:0 HLODRelevant:1 ListedInSceneOutliner:1 IsMainWorldOnly:0
 |   |   |- [+] [ 24]
 |   |   |   |- Guid:CCFF262C46EEFFDF319E7F9539CE697E BaseClass: NativeClass:/Script/Engine.SkyAtmosphere Name:SkyAtmosphere_0 Label:SkyAtmosphere SpatiallyLoaded:0 Bounds:IsValid=true, Min=(X=1570.000 Y=1490.000 Z=2200.000), Max=(X=1570.000 Y=1490.000 Z=2200.000) RuntimeGrid:None EditorOnly:0 RuntimeOnly:0 HLODRelevant:0 ListedInSceneOutliner:1 IsMainWorldOnly:0 FolderPath:Lighting FolderGuid:963EC3EB4002CCE9759E2EBA541A873A
 |   |   |- [+] [ 25]
 |   |   |   |- Guid:E1A34E14481133D1E9930EB580D11FD2 BaseClass: NativeClass:/Script/Engine.StaticMeshActor Name:StaticMeshActor_UAID_186024A219CE445D02_1634148681 Label:Cube11 SpatiallyLoaded:1 Bounds:IsValid=true, Min=(X=-884.038 Y=502.787 Z=277.500), Max=(X=-831.303 Y=555.523 Z=422.620) RuntimeGrid:None EditorOnly:0 RuntimeOnly:0 HLODRelevant:1 ListedInSceneOutliner:1 IsMainWorldOnly:0
 |   |   |- [+] [ 26]
 |   |   |   |- Guid:E2C9CD35480902B6F4E650B8430ABE60 BaseClass: NativeClass:/Script/Engine.StaticMeshActor Name:StaticMeshActor_UAID_186024A219CE445D02_1604621679 Label:Cube9 SpatiallyLoaded:1 Bounds:IsValid=true, Min=(X=500.031 Y=-882.626 Z=277.500), Max=(X=552.766 Y=-829.891 Z=422.620) RuntimeGrid:None EditorOnly:0 RuntimeOnly:0 HLODRelevant:1 ListedInSceneOutliner:1 IsMainWorldOnly:0
 |   |   |- [+] [ 27]
 |   |   |   |- Guid:E5621994497E6641CF5B7880C8B68ED4 BaseClass: NativeClass:/Script/Engine.StaticMeshActor Name:StaticMeshActor_UAID_186024A219CE445D02_1629460680 Label:Cube10 SpatiallyLoaded:1 Bounds:IsValid=true, Min=(X=-884.038 Y=-882.626 Z=277.500), Max=(X=-831.303 Y=-829.891 Z=422.620) RuntimeGrid:None EditorOnly:0 RuntimeOnly:0 HLODRelevant:1 ListedInSceneOutliner:1 IsMainWorldOnly:0
 |   |   |- [+] [ 28]
 |   |   |   |- Guid:E5E2EC2048917C2F5F7491BBBB96A232 BaseClass: NativeClass:/Script/Engine.StaticMeshActor Name:StaticMeshActor_UAID_186024A219CE445D02_1640397682 Label:Cube12 SpatiallyLoaded:1 Bounds:IsValid=true, Min=(X=493.826 Y=503.232 Z=277.500), Max=(X=546.561 Y=555.968 Z=422.620) RuntimeGrid:None EditorOnly:0 RuntimeOnly:0 HLODRelevant:1 ListedInSceneOutliner:1 IsMainWorldOnly:0
 |   |   |- [+] [ 29]
 |   |   |   |- Guid:EC42B2414E325BE6C9DBF08CD3C542D1 BaseClass: NativeClass:/Script/Engine.StaticMeshActor Name:StaticMeshActor_UAID_186024A219CE445D02_1688376685 Label:Cylinder3 SpatiallyLoaded:1 Bounds:IsValid=true, Min=(X=-877.496 Y=-849.603 Z=343.095), Max=(X=-841.965 Y=555.279 Z=378.625) RuntimeGrid:None EditorOnly:0 RuntimeOnly:0 HLODRelevant:1 ListedInSceneOutliner:1 IsMainWorldOnly:0
 |   |   |- [+] [ 30]
 |   |   |   |- Guid:EF8B8F2448D2ABD55332CB9BCB220205 BaseClass:/Game/BP_Hatch.BP_Hatch_C NativeClass:/Script/Engine.Actor Name:BP_Hatch_C_UAID_309C23A4EE22145C02_1598071167 Label:BP_Hatch SpatiallyLoaded:1 Bounds:IsValid=true, Min=(X=291.621 Y=-791.391 Z=169.626), Max=(X=506.056 Y=-579.902 Z=310.431) RuntimeGrid:None EditorOnly:0 RuntimeOnly:0 HLODRelevant:0 ListedInSceneOutliner:1 IsMainWorldOnly:0
 |   |   |- [+] [ 31]
 |   |   |   |- Guid:F5E3FEB3450C49844FD93DA8E083C8AD BaseClass: NativeClass:/Script/Engine.PostProcessVolume Name:PostProcessVolume_0 Label:PostProcessVolume SpatiallyLoaded:0 Bounds:IsValid=true, Min=(X=1490.000 Y=1490.000 Z=1580.000), Max=(X=1690.000 Y=1690.000 Z=1780.000) RuntimeGrid:None EditorOnly:0 RuntimeOnly:0 HLODRelevant:0 ListedInSceneOutliner:1 IsMainWorldOnly:0 FolderPath:Lighting FolderGuid:963EC3EB4002CCE9759E2EBA541A873A
 |- ContainerInstances:
 |- [+] MainContainer:
 |   |-        ID: 00000000000000000000000000000000
 |   |-  ParentID: 00000000000000000000000000000000
 |   |-    Bounds: IsValid=false, Min=(X=0.000 Y=0.000 Z=0.000), Max=(X=0.000 Y=0.000 Z=0.000)
 |   |- Transform: 0.000000,0.000000,0.000000|0.000000,0.000000,-0.000000|1.000000,1.000000,1.000000
 |   |- Container: /Game/Maps/LostRecord
----------------------------------------------------------------------------------------------------------------
LostRecord - Persistent Level
----------------------------------------------------------------------------------------------------------------
[+] Content of LostRecord Persistent Level
 |- Always loaded Actor Count: 33 
 |- Actor Path: /Game/Maps/LostRecord.LostRecord:PersistentLevel.BP_Hatch_C_UAID_309C23A4EE22145C02_1598071167
 |- Actor Package: /Game/__ExternalActors__/Maps/LostRecord/D/V6/DEPCBWT2ZMGMVMCY156RHS
 |- Actor Path: /Game/Maps/LostRecord.LostRecord:PersistentLevel.BP_WirePuzzle_C_UAID_309C23A4EE22E65902_1401458960
 |- Actor Package: /Game/__ExternalActors__/Maps/LostRecord/E/US/L7PNA70YWO9ZDS7GFK2J15
 |- Actor Path: /Game/Maps/LostRecord.LostRecord:PersistentLevel.Coffre_porte_C_UAID_BCE92FA1537BB45B02_1176410271
 |- Actor Package: /Game/__ExternalActors__/Maps/LostRecord/3/S5/PFOD1NEX8F25PH1GRZY6Y6
 |- Actor Path: /Game/Maps/LostRecord.LostRecord:PersistentLevel.DirectionalLight_0
 |- Actor Package: /Game/__ExternalActors__/Maps/LostRecord/6/8Z/P40IP3AAF75YJQ9VJJEYDQ
 |- Actor Path: /Game/Maps/LostRecord.LostRecord:PersistentLevel.Door_C_UAID_00D861A4B9874A5702_2126556411
 |- Actor Package: /Game/__ExternalActors__/Maps/LostRecord/A/BJ/H600N0A9LM8YCILSB6T3TY
 |- Actor Path: /Game/Maps/LostRecord.LostRecord:PersistentLevel.ExponentialHeightFog_0
 |- Actor Package: /Game/__ExternalActors__/Maps/LostRecord/5/G8/IF08G7G3MSUMYTL1OED0TM
 |- Actor Path: /Game/Maps/LostRecord.LostRecord:PersistentLevel.PlayerStart_0
 |- Actor Package: /Game/__ExternalActors__/Maps/LostRecord/1/VD/BZHXX2Q0XZY8YRX3UDKSWV
 |- Actor Path: /Game/Maps/LostRecord.LostRecord:PersistentLevel.PointLight_UAID_74563C923EDCD15502_2018359062
 |- Actor Package: /Game/__ExternalActors__/Maps/LostRecord/A/OC/CCR3Z5N5XATZ6DW4NDAFND
 |- Actor Path: /Game/Maps/LostRecord.LostRecord:PersistentLevel.PostProcessVolume_0
 |- Actor Package: /Game/__ExternalActors__/Maps/LostRecord/B/V8/BAQ1OHM493E9GFYOGKILLZ
 |- Actor Path: /Game/Maps/LostRecord.LostRecord:PersistentLevel.SkyAtmosphere_0
 |- Actor Package: /Game/__ExternalActors__/Maps/LostRecord/0/GV/04MJHIDYKM4XIUD77SLDNX
 |- Actor Path: /Game/Maps/LostRecord.LostRecord:PersistentLevel.SkyLight_1
 |- Actor Package: /Game/__ExternalActors__/Maps/LostRecord/1/5E/CAYVALWMP44T8XOVRUN6IY
 |- Actor Path: /Game/Maps/LostRecord.LostRecord:PersistentLevel.StaticMeshActor_UAID_186024A219CE445D02_1361139672
 |- Actor Package: /Game/__ExternalActors__/Maps/LostRecord/6/XB/ODYNHIIEISASYM868A4JTU
 |- Actor Path: /Game/Maps/LostRecord.LostRecord:PersistentLevel.StaticMeshActor_UAID_186024A219CE445D02_1382390673
 |- Actor Package: /Game/__ExternalActors__/Maps/LostRecord/0/5Q/JL4N8D6K9RXH1UI6QF5U0J
 |- Actor Path: /Game/Maps/LostRecord.LostRecord:PersistentLevel.StaticMeshActor_UAID_186024A219CE445D02_1409239674
 |- Actor Package: /Game/__ExternalActors__/Maps/LostRecord/7/3T/75T5SBQC0MGIDBX0LVKYQQ
 |- Actor Path: /Game/Maps/LostRecord.LostRecord:PersistentLevel.StaticMeshActor_UAID_186024A219CE445D02_1462412675
 |- Actor Package: /Game/__ExternalActors__/Maps/LostRecord/6/AV/GLG7UEEBCJA3GM8AFXJG25
 |- Actor Path: /Game/Maps/LostRecord.LostRecord:PersistentLevel.StaticMeshActor_UAID_186024A219CE445D02_1483313676
 |- Actor Package: /Game/__ExternalActors__/Maps/LostRecord/6/YD/PF42ZF97VCAMXZS6IBCR0A
 |- Actor Path: /Game/Maps/LostRecord.LostRecord:PersistentLevel.StaticMeshActor_UAID_186024A219CE445D02_1532718677
 |- Actor Package: /Game/__ExternalActors__/Maps/LostRecord/7/IY/NCJUCOO0RB0W564OWCF5ZL
 |- Actor Path: /Game/Maps/LostRecord.LostRecord:PersistentLevel.StaticMeshActor_UAID_186024A219CE445D02_1555180678
 |- Actor Package: /Game/__ExternalActors__/Maps/LostRecord/B/0Y/FGOCGYX3XCGNA0KZIYPUD0
 |- Actor Path: /Game/Maps/LostRecord.LostRecord:PersistentLevel.StaticMeshActor_UAID_186024A219CE445D02_1604621679
 |- Actor Package: /Game/__ExternalActors__/Maps/LostRecord/6/I6/5SYL86G5RYZOWZZNLN6Z2H
 |- Actor Path: /Game/Maps/LostRecord.LostRecord:PersistentLevel.StaticMeshActor_UAID_186024A219CE445D02_1629460680
 |- Actor Package: /Game/__ExternalActors__/Maps/LostRecord/4/Z5/AXMFY8O4OJ07FROXQ7VE5E
 |- Actor Path: /Game/Maps/LostRecord.LostRecord:PersistentLevel.StaticMeshActor_UAID_186024A219CE445D02_1634148681
 |- Actor Package: /Game/__ExternalActors__/Maps/LostRecord/1/SM/OUUSUXSOBUPLS6NN2VO642
 |- Actor Path: /Game/Maps/LostRecord.LostRecord:PersistentLevel.StaticMeshActor_UAID_186024A219CE445D02_1640397682
 |- Actor Package: /Game/__ExternalActors__/Maps/LostRecord/2/K7/F5CUFQG1JYLH8T6D17YUWT
 |- Actor Path: /Game/Maps/LostRecord.LostRecord:PersistentLevel.StaticMeshActor_UAID_186024A219CE445D02_1652338683
 |- Actor Package: /Game/__ExternalActors__/Maps/LostRecord/8/PY/112OZEVVXLSKU4012MP4IZ
 |- Actor Path: /Game/Maps/LostRecord.LostRecord:PersistentLevel.StaticMeshActor_UAID_186024A219CE445D02_1680570684
 |- Actor Package: /Game/__ExternalActors__/Maps/LostRecord/6/GY/EMWQE23V8YXFAPNKSXNFNB
 |- Actor Path: /Game/Maps/LostRecord.LostRecord:PersistentLevel.StaticMeshActor_UAID_186024A219CE445D02_1688376685
 |- Actor Package: /Game/__ExternalActors__/Maps/LostRecord/0/VA/CZ0OG3H545F0JZ1VTA03VS
 |- Actor Path: /Game/Maps/LostRecord.LostRecord:PersistentLevel.StaticMeshActor_UAID_186024A219CE445D02_1708885686
 |- Actor Package: /Game/__ExternalActors__/Maps/LostRecord/8/QX/NKKDFLCAR9FH82MIIT3IC2
 |- Actor Path: /Game/Maps/LostRecord.LostRecord:PersistentLevel.StaticMeshActor_UAID_186024A219CE445D02_1729477687
 |- Actor Package: /Game/__ExternalActors__/Maps/LostRecord/9/A9/G0010H55NASFETTIZYIUDZ
 |- Actor Path: /Game/Maps/LostRecord.LostRecord:PersistentLevel.StaticMeshActor_UAID_186024A219CE445D02_1749393688
 |- Actor Package: /Game/__ExternalActors__/Maps/LostRecord/4/IF/7XLKOYWPTVDZP60E8GQFC7
 |- Actor Path: /Game/Maps/LostRecord.LostRecord:PersistentLevel.StaticMeshActor_UAID_74563C923EDCC85502_1641319458
 |- Actor Package: /Game/__ExternalActors__/Maps/LostRecord/C/TH/EMY1TKR44HYSBYH91Z03CR
 |- Actor Path: /Game/Maps/LostRecord.LostRecord:PersistentLevel.StaticMeshActor_UAID_74563C923EDCD35502_2003567453
 |- Actor Package: /Game/__ExternalActors__/Maps/LostRecord/0/CF/VQ40RL86I60ZKB1RA2MI7T
 |- Actor Path: /Game/Maps/LostRecord.LostRecord:PersistentLevel.StaticMeshActor_UAID_8469937EFD78E55602_1804762630
 |- Actor Package: /Game/__ExternalActors__/Maps/LostRecord/7/SM/57H5GM8VY9UX30TDD6VEQD
 |- Actor Path: /Game/Maps/LostRecord.LostRecord:PersistentLevel.VolumetricCloud_UAID_B42E99EEF93AC8EC01_2080216602
 |- Actor Package: /Game/__ExternalActors__/Maps/LostRecord/5/8L/JZOQ77NFR286ZONCOILKCJ
 |- Actor Path: /Game/Maps/LostRecord.LostRecord:PersistentLevel.WorldDataLayers
 |- Actor Package: /Game/__ExternalActors__/Maps/LostRecord/2/DB/Q42G2O8UD12A1A0BQYVNCQ

----------------------------------------------------------------------------------------------------------------
LostRecord - Runtime Spatial Hash
----------------------------------------------------------------------------------------------------------------
[+] StreamingGrids
 |- [+] MainGrid
 |   |-             Origin: X=0.000 Y=0.000 Z=0.000
 |   |-          Cell Size: 12800
 |   |-       World Bounds: IsValid=false, Min=(X=0.000 Y=0.000 Z=0.000), Max=(X=0.000 Y=0.000 Z=0.000)
 |   |-      Loading Range: 25600.00
 |   |- Block Slow Loading: No
 |   |-  ClientOnlyVisible: No
 |   |- 
 |   |- [+] Grid Levels: 1
 |   |   |- Level  0: Cell Count    0 | Cell Size   12800 | Actor Count    0 (0.0%)
 |   |- 
 |   |- [+] Content of Grid Level 0
 |   |- 
